# JRE version: Java(TM) SE Runtime Environment (8.0_191-b12) (build 1.8.0_191-b12)
# Java VM: Java HotSpot(TM) 64-Bit Server VM (25.191-b12 mixed mode windows-amd64 compressed oops)
Heap:
 PSYoungGen      total 450048K, used 114368K [0x000000076b180000, 0x0000000788400000, 0x00000007c0000000)
  eden space 426496K, 21% used [0x000000076b180000,0x0000000770a38248,0x0000000785200000)
  from space 23552K, 99% used [0x0000000786d00000,0x00000007883f8060,0x0000000788400000)
  to   space 25600K, 0% used [0x0000000785200000,0x0000000785200000,0x0000000786b00000)
 ParOldGen       total 250368K, used 41952K [0x00000006c1400000, 0x00000006d0880000, 0x000000076b180000)
  object space 250368K, 16% used [0x00000006c1400000,0x00000006c3cf82d0,0x00000006d0880000)
 Metaspace       used 64110K, capacity 65478K, committed 65752K, reserved 1105920K
  class space    used 8056K, capacity 8328K, committed 8448K, reserved 1048576K
GC Heap History (10 events):
Event: 11.964 GC heap before
{Heap before GC invocations=11 (full 3):
 PSYoungGen      total 450048K, used 18617K [0x000000076b180000, 0x0000000788400000, 0x00000007c0000000)
  eden space 426496K, 0% used [0x000000076b180000,0x000000076b180000,0x0000000785200000)
  from space 23552K, 79% used [0x0000000786d00000,0x0000000787f2e7d8,0x0000000788400000)
  to   space 25600K, 0% used [0x0000000785200000,0x0000000785200000,0x0000000786b00000)
 ParOldGen       total 185344K, used 25578K [0x00000006c1400000, 0x00000006cc900000, 0x000000076b180000)
  object space 185344K, 13% used [0x00000006c1400000,0x00000006c2cfab00,0x00000006cc900000)
 Metaspace       used 58036K, capacity 58744K, committed 58968K, reserved 1099776K
  class space    used 7663K, capacity 7803K, committed 7808K, reserved 1048576K
Event: 12.121 GC heap after
Heap after GC invocations=11 (full 3):
 PSYoungGen      total 450048K, used 0K [0x000000076b180000, 0x0000000788400000, 0x00000007c0000000)
  eden space 426496K, 0% used [0x000000076b180000,0x000000076b180000,0x0000000785200000)
  from space 23552K, 0% used [0x0000000786d00000,0x0000000786d00000,0x0000000788400000)
  to   space 25600K, 0% used [0x0000000785200000,0x0000000785200000,0x0000000786b00000)
 ParOldGen       total 250368K, used 34593K [0x00000006c1400000, 0x00000006d0880000, 0x000000076b180000)
  object space 250368K, 13% used [0x00000006c1400000,0x00000006c35c84e8,0x00000006d0880000)
 Metaspace       used 58036K, capacity 58744K, committed 58968K, reserved 1099776K
  class space    used 7663K, capacity 7803K, committed 7808K, reserved 1048576K
}
Event: 15.535 GC heap before
{Heap before GC invocations=12 (full 3):
 PSYoungGen      total 450048K, used 426496K [0x000000076b180000, 0x0000000788400000, 0x00000007c0000000)
  eden space 426496K, 100% used [0x000000076b180000,0x0000000785200000,0x0000000785200000)
  from space 23552K, 0% used [0x0000000786d00000,0x0000000786d00000,0x0000000788400000)
  to   space 25600K, 0% used [0x0000000785200000,0x0000000785200000,0x0000000786b00000)
 ParOldGen       total 250368K, used 34593K [0x00000006c1400000, 0x00000006d0880000, 0x000000076b180000)
  object space 250368K, 13% used [0x00000006c1400000,0x00000006c35c84e8,0x00000006d0880000)
 Metaspace       used 59540K, capacity 60576K, committed 60760K, reserved 1101824K
  class space    used 7762K, capacity 7959K, committed 8064K, reserved 1048576K
Event: 15.547 GC heap after
Heap after GC invocations=12 (full 3):
 PSYoungGen      total 452096K, used 13393K [0x000000076b180000, 0x0000000788400000, 0x00000007c0000000)
  eden space 426496K, 0% used [0x000000076b180000,0x000000076b180000,0x0000000785200000)
  from space 25600K, 52% used [0x0000000785200000,0x0000000785f147c8,0x0000000786b00000)
  to   space 23552K, 0% used [0x0000000786d00000,0x0000000786d00000,0x0000000788400000)
 ParOldGen       total 250368K, used 34601K [0x00000006c1400000, 0x00000006d0880000, 0x000000076b180000)
  object space 250368K, 13% used [0x00000006c1400000,0x00000006c35ca4e8,0x00000006d0880000)
 Metaspace       used 59540K, capacity 60576K, committed 60760K, reserved 1101824K
  class space    used 7762K, capacity 7959K, committed 8064K, reserved 1048576K
}
Event: 18.307 GC heap before
{Heap before GC invocations=13 (full 3):
 PSYoungGen      total 452096K, used 439889K [0x000000076b180000, 0x0000000788400000, 0x00000007c0000000)
  eden space 426496K, 100% used [0x000000076b180000,0x0000000785200000,0x0000000785200000)
  from space 25600K, 52% used [0x0000000785200000,0x0000000785f147c8,0x0000000786b00000)
  to   space 23552K, 0% used [0x0000000786d00000,0x0000000786d00000,0x0000000788400000)
 ParOldGen       total 250368K, used 34601K [0x00000006c1400000, 0x00000006d0880000, 0x000000076b180000)
  object space 250368K, 13% used [0x00000006c1400000,0x00000006c35ca4e8,0x00000006d0880000)
 Metaspace       used 61094K, capacity 62220K, committed 62424K, reserved 1103872K
  class space    used 7875K, capacity 8089K, committed 8192K, reserved 1048576K
Event: 18.318 GC heap after
Heap after GC invocations=13 (full 3):
 PSYoungGen      total 450048K, used 16517K [0x000000076b180000, 0x0000000788400000, 0x00000007c0000000)
  eden space 426496K, 0% used [0x000000076b180000,0x000000076b180000,0x0000000785200000)
  from space 23552K, 70% used [0x0000000786d00000,0x0000000787d21760,0x0000000788400000)
  to   space 25600K, 0% used [0x0000000785200000,0x0000000785200000,0x0000000786b00000)
 ParOldGen       total 250368K, used 34609K [0x00000006c1400000, 0x00000006d0880000, 0x000000076b180000)
  object space 250368K, 13% used [0x00000006c1400000,0x00000006c35cc4e8,0x00000006d0880000)
 Metaspace       used 61094K, capacity 62220K, committed 62424K, reserved 1103872K
  class space    used 7875K, capacity 8089K, committed 8192K, reserved 1048576K
}
Event: 20.416 GC heap before
{Heap before GC invocations=14 (full 3):
 PSYoungGen      total 450048K, used 443013K [0x000000076b180000, 0x0000000788400000, 0x00000007c0000000)
  eden space 426496K, 100% used [0x000000076b180000,0x0000000785200000,0x0000000785200000)
  from space 23552K, 70% used [0x0000000786d00000,0x0000000787d21760,0x0000000788400000)
  to   space 25600K, 0% used [0x0000000785200000,0x0000000785200000,0x0000000786b00000)
 ParOldGen       total 250368K, used 34609K [0x00000006c1400000, 0x00000006d0880000, 0x000000076b180000)
  object space 250368K, 13% used [0x00000006c1400000,0x00000006c35cc4e8,0x00000006d0880000)
 Metaspace       used 62746K, capacity 64046K, committed 64344K, reserved 1105920K
  class space    used 7980K, capacity 8228K, committed 8320K, reserved 1048576K
Event: 20.432 GC heap after
Heap after GC invocations=14 (full 3):
 PSYoungGen      total 452096K, used 19989K [0x000000076b180000, 0x0000000788400000, 0x00000007c0000000)
  eden space 426496K, 0% used [0x000000076b180000,0x000000076b180000,0x0000000785200000)
  from space 25600K, 78% used [0x0000000785200000,0x0000000786585568,0x0000000786b00000)
  to   space 23552K, 0% used [0x0000000786d00000,0x0000000786d00000,0x0000000788400000)
 ParOldGen       total 250368K, used 34617K [0x00000006c1400000, 0x00000006d0880000, 0x000000076b180000)
  object space 250368K, 13% used [0x00000006c1400000,0x00000006c35ce4e8,0x00000006d0880000)
 Metaspace       used 62746K, capacity 64046K, committed 64344K, reserved 1105920K
  class space    used 7980K, capacity 8228K, committed 8320K, reserved 1048576K
}
Event: 22.487 GC heap before
{Heap before GC invocations=15 (full 3):
 PSYoungGen      total 452096K, used 446485K [0x000000076b180000, 0x0000000788400000, 0x00000007c0000000)
  eden space 426496K, 100% used [0x000000076b180000,0x0000000785200000,0x0000000785200000)
  from space 25600K, 78% used [0x0000000785200000,0x0000000786585568,0x0000000786b00000)
  to   space 23552K, 0% used [0x0000000786d00000,0x0000000786d00000,0x0000000788400000)
 ParOldGen       total 250368K, used 34617K [0x00000006c1400000, 0x00000006d0880000, 0x000000076b180000)
  object space 250368K, 13% used [0x00000006c1400000,0x00000006c35ce4e8,0x00000006d0880000)
 Metaspace       used 63556K, capacity 64836K, committed 65112K, reserved 1105920K
  class space    used 8015K, capacity 8253K, committed 8320K, reserved 1048576K
Event: 22.508 GC heap after
Heap after GC invocations=15 (full 3):
 PSYoungGen      total 450048K, used 23520K [0x000000076b180000, 0x0000000788400000, 0x00000007c0000000)
  eden space 426496K, 0% used [0x000000076b180000,0x000000076b180000,0x0000000785200000)
  from space 23552K, 99% used [0x0000000786d00000,0x00000007883f8060,0x0000000788400000)
  to   space 25600K, 0% used [0x0000000785200000,0x0000000785200000,0x0000000786b00000)
 ParOldGen       total 250368K, used 41952K [0x00000006c1400000, 0x00000006d0880000, 0x000000076b180000)
  object space 250368K, 16% used [0x00000006c1400000,0x00000006c3cf82d0,0x00000006d0880000)
 Metaspace       used 63556K, capacity 64836K, committed 65112K, reserved 1105920K
  class space    used 8015K, capacity 8253K, committed 8320K, reserved 1048576K
}

