# JRE version: Java(TM) SE Runtime Environment (8.0_191-b12) (build 1.8.0_191-b12)
# Java VM: Java HotSpot(TM) 64-Bit Server VM (25.191-b12 mixed mode windows-amd64 compressed oops)
Heap:
 PSYoungGen      total 293888K, used 26735K [0x000000076b180000, 0x0000000782900000, 0x00000007c0000000)
  eden space 271872K, 7% used [0x000000076b180000,0x000000076c4a1e88,0x000000077bb00000)
  from space 22016K, 32% used [0x000000077bb00000,0x000000077c1f9e88,0x000000077d080000)
  to   space 21504K, 0% used [0x0000000781400000,0x0000000781400000,0x0000000782900000)
 ParOldGen       total 203776K, used 34787K [0x00000006c1400000, 0x00000006cdb00000, 0x000000076b180000)
  object space 203776K, 17% used [0x00000006c1400000,0x00000006c35f8e10,0x00000006cdb00000)
 Metaspace       used 59253K, capacity 60324K, committed 60504K, reserved 1101824K
  class space    used 7753K, capacity 7949K, committed 8064K, reserved 1048576K
GC Heap History (10 events):
Event: 10.458 GC heap before
{Heap before GC invocations=12 (full 2):
 PSYoungGen      total 186368K, used 185621K [0x000000076b180000, 0x000000077a880000, 0x00000007c0000000)
  eden space 170496K, 100% used [0x000000076b180000,0x0000000775800000,0x0000000775800000)
  from space 15872K, 95% used [0x0000000775800000,0x00000007766c54c0,0x0000000776780000)
  to   space 17408K, 0% used [0x0000000779780000,0x0000000779780000,0x000000077a880000)
 ParOldGen       total 151552K, used 21965K [0x00000006c1400000, 0x00000006ca800000, 0x000000076b180000)
  object space 151552K, 14% used [0x00000006c1400000,0x00000006c2973608,0x00000006ca800000)
 Metaspace       used 51346K, capacity 52118K, committed 52440K, reserved 1095680K
  class space    used 6710K, capacity 6864K, committed 6912K, reserved 1048576K
Event: 10.490 GC heap after
Heap after GC invocations=12 (full 2):
 PSYoungGen      total 235008K, used 13457K [0x000000076b180000, 0x000000077ab00000, 0x00000007c0000000)
  eden space 217600K, 0% used [0x000000076b180000,0x000000076b180000,0x0000000778600000)
  from space 17408K, 77% used [0x0000000779780000,0x000000077a4a4460,0x000000077a880000)
  to   space 17920K, 0% used [0x0000000778600000,0x0000000778600000,0x0000000779780000)
 ParOldGen       total 151552K, used 21973K [0x00000006c1400000, 0x00000006ca800000, 0x000000076b180000)
  object space 151552K, 14% used [0x00000006c1400000,0x00000006c2975608,0x00000006ca800000)
 Metaspace       used 51346K, capacity 52118K, committed 52440K, reserved 1095680K
  class space    used 6710K, capacity 6864K, committed 6912K, reserved 1048576K
}
Event: 13.348 GC heap before
{Heap before GC invocations=13 (full 2):
 PSYoungGen      total 235008K, used 231057K [0x000000076b180000, 0x000000077ab00000, 0x00000007c0000000)
  eden space 217600K, 100% used [0x000000076b180000,0x0000000778600000,0x0000000778600000)
  from space 17408K, 77% used [0x0000000779780000,0x000000077a4a4460,0x000000077a880000)
  to   space 17920K, 0% used [0x0000000778600000,0x0000000778600000,0x0000000779780000)
 ParOldGen       total 151552K, used 21973K [0x00000006c1400000, 0x00000006ca800000, 0x000000076b180000)
  object space 151552K, 14% used [0x00000006c1400000,0x00000006c2975608,0x00000006ca800000)
 Metaspace       used 54515K, capacity 55234K, committed 55512K, reserved 1097728K
  class space    used 7178K, capacity 7346K, committed 7424K, reserved 1048576K
Event: 13.362 GC heap after
Heap after GC invocations=13 (full 2):
 PSYoungGen      total 235520K, used 17605K [0x000000076b180000, 0x000000077e400000, 0x00000007c0000000)
  eden space 217600K, 0% used [0x000000076b180000,0x000000076b180000,0x0000000778600000)
  from space 17920K, 98% used [0x0000000778600000,0x00000007797314f8,0x0000000779780000)
  to   space 19968K, 0% used [0x000000077d080000,0x000000077d080000,0x000000077e400000)
 ParOldGen       total 151552K, used 21981K [0x00000006c1400000, 0x00000006ca800000, 0x000000076b180000)
  object space 151552K, 14% used [0x00000006c1400000,0x00000006c2977608,0x00000006ca800000)
 Metaspace       used 54515K, capacity 55234K, committed 55512K, reserved 1097728K
  class space    used 7178K, capacity 7346K, committed 7424K, reserved 1048576K
}
Event: 14.284 GC heap before
{Heap before GC invocations=14 (full 2):
 PSYoungGen      total 235520K, used 132529K [0x000000076b180000, 0x000000077e400000, 0x00000007c0000000)
  eden space 217600K, 52% used [0x000000076b180000,0x00000007721bb008,0x0000000778600000)
  from space 17920K, 98% used [0x0000000778600000,0x00000007797314f8,0x0000000779780000)
  to   space 19968K, 0% used [0x000000077d080000,0x000000077d080000,0x000000077e400000)
 ParOldGen       total 151552K, used 21981K [0x00000006c1400000, 0x00000006ca800000, 0x000000076b180000)
  object space 151552K, 14% used [0x00000006c1400000,0x00000006c2977608,0x00000006ca800000)
 Metaspace       used 57987K, capacity 58744K, committed 58968K, reserved 1099776K
  class space    used 7656K, capacity 7803K, committed 7808K, reserved 1048576K
Event: 14.312 GC heap after
Heap after GC invocations=14 (full 2):
 PSYoungGen      total 291840K, used 18860K [0x000000076b180000, 0x000000077f000000, 0x00000007c0000000)
  eden space 271872K, 0% used [0x000000076b180000,0x000000076b180000,0x000000077bb00000)
  from space 19968K, 94% used [0x000000077d080000,0x000000077e2eb118,0x000000077e400000)
  to   space 22016K, 0% used [0x000000077bb00000,0x000000077bb00000,0x000000077d080000)
 ParOldGen       total 151552K, used 21989K [0x00000006c1400000, 0x00000006ca800000, 0x000000076b180000)
  object space 151552K, 14% used [0x00000006c1400000,0x00000006c2979608,0x00000006ca800000)
 Metaspace       used 57987K, capacity 58744K, committed 58968K, reserved 1099776K
  class space    used 7656K, capacity 7803K, committed 7808K, reserved 1048576K
}
Event: 14.312 GC heap before
{Heap before GC invocations=15 (full 3):
 PSYoungGen      total 291840K, used 18860K [0x000000076b180000, 0x000000077f000000, 0x00000007c0000000)
  eden space 271872K, 0% used [0x000000076b180000,0x000000076b180000,0x000000077bb00000)
  from space 19968K, 94% used [0x000000077d080000,0x000000077e2eb118,0x000000077e400000)
  to   space 22016K, 0% used [0x000000077bb00000,0x000000077bb00000,0x000000077d080000)
 ParOldGen       total 151552K, used 21989K [0x00000006c1400000, 0x00000006ca800000, 0x000000076b180000)
  object space 151552K, 14% used [0x00000006c1400000,0x00000006c2979608,0x00000006ca800000)
 Metaspace       used 57987K, capacity 58744K, committed 58968K, reserved 1099776K
  class space    used 7656K, capacity 7803K, committed 7808K, reserved 1048576K
Event: 14.491 GC heap after
Heap after GC invocations=15 (full 3):
 PSYoungGen      total 291840K, used 0K [0x000000076b180000, 0x000000077f000000, 0x00000007c0000000)
  eden space 271872K, 0% used [0x000000076b180000,0x000000076b180000,0x000000077bb00000)
  from space 19968K, 0% used [0x000000077d080000,0x000000077d080000,0x000000077e400000)
  to   space 22016K, 0% used [0x000000077bb00000,0x000000077bb00000,0x000000077d080000)
 ParOldGen       total 203776K, used 34779K [0x00000006c1400000, 0x00000006cdb00000, 0x000000076b180000)
  object space 203776K, 17% used [0x00000006c1400000,0x00000006c35f6e10,0x00000006cdb00000)
 Metaspace       used 57987K, capacity 58744K, committed 58968K, reserved 1099776K
  class space    used 7656K, capacity 7803K, committed 7808K, reserved 1048576K
}
Event: 16.341 GC heap before
{Heap before GC invocations=16 (full 3):
 PSYoungGen      total 291840K, used 271872K [0x000000076b180000, 0x000000077f000000, 0x00000007c0000000)
  eden space 271872K, 100% used [0x000000076b180000,0x000000077bb00000,0x000000077bb00000)
  from space 19968K, 0% used [0x000000077d080000,0x000000077d080000,0x000000077e400000)
  to   space 22016K, 0% used [0x000000077bb00000,0x000000077bb00000,0x000000077d080000)
 ParOldGen       total 203776K, used 34779K [0x00000006c1400000, 0x00000006cdb00000, 0x000000076b180000)
  object space 203776K, 17% used [0x00000006c1400000,0x00000006c35f6e10,0x00000006cdb00000)
 Metaspace       used 59247K, capacity 60260K, committed 60504K, reserved 1101824K
  class space    used 7753K, capacity 7949K, committed 8064K, reserved 1048576K
Event: 16.349 GC heap after
Heap after GC invocations=16 (full 3):
 PSYoungGen      total 293888K, used 7143K [0x000000076b180000, 0x0000000782900000, 0x00000007c0000000)
  eden space 271872K, 0% used [0x000000076b180000,0x000000076b180000,0x000000077bb00000)
  from space 22016K, 32% used [0x000000077bb00000,0x000000077c1f9e88,0x000000077d080000)
  to   space 21504K, 0% used [0x0000000781400000,0x0000000781400000,0x0000000782900000)
 ParOldGen       total 203776K, used 34787K [0x00000006c1400000, 0x00000006cdb00000, 0x000000076b180000)
  object space 203776K, 17% used [0x00000006c1400000,0x00000006c35f8e10,0x00000006cdb00000)
 Metaspace       used 59247K, capacity 60260K, committed 60504K, reserved 1101824K
  class space    used 7753K, capacity 7949K, committed 8064K, reserved 1048576K
}

